[0.274s] DEBUG:colcon:Command line arguments: ['/usr/bin/colcon', 'build']
[0.274s] DEBUG:colcon:Parsed command line arguments: Namespace(log_base=None, log_level=None, verb_name='build', build_base='build', install_base='install', merge_install=False, symlink_install=False, test_result_base=None, continue_on_error=False, executor='parallel', parallel_workers=8, event_handlers=None, ignore_user_meta=False, metas=['./colcon.meta'], base_paths=['.'], packages_ignore=None, packages_ignore_regex=None, paths=None, packages_up_to=None, packages_up_to_regex=None, packages_above=None, packages_above_and_dependencies=None, packages_above_depth=None, packages_select_by_dep=None, packages_skip_by_dep=None, packages_skip_up_to=None, packages_select_build_failed=False, packages_skip_build_finished=False, packages_select_test_failures=False, packages_skip_test_passed=False, packages_select=None, packages_skip=None, packages_select_regex=None, packages_skip_regex=None, packages_start=None, packages_end=None, allow_overriding=[], cmake_args=None, cmake_target=None, cmake_target_skip_unavailable=False, cmake_clean_cache=False, cmake_clean_first=False, cmake_force_configure=False, ament_cmake_args=None, catkin_cmake_args=None, catkin_skip_building_tests=False, mixin_files=None, mixin=None, verb_parser=<colcon_mixin.mixin.mixin_argument.MixinArgumentDecorator object at 0x740bd8880b20>, verb_extension=<colcon_core.verb.build.BuildVerb object at 0x740bd8880520>, main=<bound method BuildVerb.main of <colcon_core.verb.build.BuildVerb object at 0x740bd8880520>>, mixin_verb=('build',))
[40.310s] Level 1:colcon.colcon_core.package_discovery:discover_packages(colcon_meta) check parameters
[40.311s] Level 1:colcon.colcon_core.package_discovery:discover_packages(recursive) check parameters
[40.312s] Level 1:colcon.colcon_core.package_discovery:discover_packages(ignore) check parameters
[40.312s] Level 1:colcon.colcon_core.package_discovery:discover_packages(path) check parameters
[40.312s] Level 1:colcon.colcon_core.package_discovery:discover_packages(colcon_meta) discover
[40.312s] Level 1:colcon.colcon_core.package_discovery:discover_packages(recursive) discover
[40.313s] INFO:colcon.colcon_core.package_discovery:Crawling recursively for packages in '/mnt/c/Users/DELL/Desktop/ros/ros2/turtle_square'
[40.314s] Level 1:colcon.colcon_core.package_identification:_identify(.) by extensions ['ignore', 'ignore_ament_install']
[40.315s] Level 1:colcon.colcon_core.package_identification:_identify(.) by extension 'ignore'
[40.315s] Level 1:colcon.colcon_core.package_identification:_identify(.) by extension 'ignore_ament_install'
[40.316s] Level 1:colcon.colcon_core.package_identification:_identify(.) by extensions ['colcon_pkg']
[40.316s] Level 1:colcon.colcon_core.package_identification:_identify(.) by extension 'colcon_pkg'
[40.316s] Level 1:colcon.colcon_core.package_identification:_identify(.) by extensions ['colcon_meta']
[40.316s] Level 1:colcon.colcon_core.package_identification:_identify(.) by extension 'colcon_meta'
[40.317s] Level 1:colcon.colcon_core.package_identification:_identify(.) by extensions ['ros']
[40.317s] Level 1:colcon.colcon_core.package_identification:_identify(.) by extension 'ros'
[40.350s] DEBUG:colcon.colcon_core.package_identification:Package '.' with type 'ros.ament_python' and name 'turtle_square'
[40.351s] Level 1:colcon.colcon_core.package_discovery:discover_packages(recursive) using defaults
[40.351s] Level 1:colcon.colcon_core.package_discovery:discover_packages(ignore) discover
[40.351s] Level 1:colcon.colcon_core.package_discovery:discover_packages(ignore) using defaults
[40.351s] Level 1:colcon.colcon_core.package_discovery:discover_packages(path) discover
[40.352s] Level 1:colcon.colcon_core.package_discovery:discover_packages(path) using defaults
[40.392s] Level 1:colcon.colcon_core.package_discovery:discover_packages(prefix_path) check parameters
[40.392s] Level 1:colcon.colcon_core.package_discovery:discover_packages(prefix_path) discover
[40.409s] DEBUG:colcon.colcon_installed_package_information.package_discovery:Found 346 installed packages in /home/aaryanhood/ros2_humble/install
[40.412s] Level 1:colcon.colcon_core.package_discovery:discover_packages(prefix_path) using defaults
[40.438s] Level 5:colcon.colcon_core.verb:set package 'turtle_square' build argument 'cmake_args' from command line to 'None'
[40.439s] Level 5:colcon.colcon_core.verb:set package 'turtle_square' build argument 'cmake_target' from command line to 'None'
[40.439s] Level 5:colcon.colcon_core.verb:set package 'turtle_square' build argument 'cmake_target_skip_unavailable' from command line to 'False'
[40.439s] Level 5:colcon.colcon_core.verb:set package 'turtle_square' build argument 'cmake_clean_cache' from command line to 'False'
[40.440s] Level 5:colcon.colcon_core.verb:set package 'turtle_square' build argument 'cmake_clean_first' from command line to 'False'
[40.440s] Level 5:colcon.colcon_core.verb:set package 'turtle_square' build argument 'cmake_force_configure' from command line to 'False'
[40.440s] Level 5:colcon.colcon_core.verb:set package 'turtle_square' build argument 'ament_cmake_args' from command line to 'None'
[40.440s] Level 5:colcon.colcon_core.verb:set package 'turtle_square' build argument 'catkin_cmake_args' from command line to 'None'
[40.440s] Level 5:colcon.colcon_core.verb:set package 'turtle_square' build argument 'catkin_skip_building_tests' from command line to 'False'
[40.441s] DEBUG:colcon.colcon_core.verb:Building package 'turtle_square' with the following arguments: {'ament_cmake_args': None, 'build_base': '/mnt/c/Users/DELL/Desktop/ros/ros2/turtle_square/build/turtle_square', 'catkin_cmake_args': None, 'catkin_skip_building_tests': False, 'cmake_args': None, 'cmake_clean_cache': False, 'cmake_clean_first': False, 'cmake_force_configure': False, 'cmake_target': None, 'cmake_target_skip_unavailable': False, 'install_base': '/mnt/c/Users/DELL/Desktop/ros/ros2/turtle_square/install/turtle_square', 'merge_install': False, 'path': '/mnt/c/Users/DELL/Desktop/ros/ros2/turtle_square', 'symlink_install': False, 'test_result_base': None}
[40.441s] INFO:colcon.colcon_core.executor:Executing jobs using 'parallel' executor
[40.442s] DEBUG:colcon.colcon_parallel_executor.executor.parallel:run_until_complete
[40.443s] INFO:colcon.colcon_ros.task.ament_python.build:Building ROS package in '/mnt/c/Users/DELL/Desktop/ros/ros2/turtle_square' with build type 'ament_python'
[40.444s] Level 1:colcon.colcon_core.shell:create_environment_hook('turtle_square', 'ament_prefix_path')
[40.457s] INFO:colcon.colcon_core.plugin_system:Skipping extension 'colcon_core.shell.bat': Not used on non-Windows systems
[40.458s] INFO:colcon.colcon_core.shell:Creating environment hook '/mnt/c/Users/DELL/Desktop/ros/ros2/turtle_square/install/turtle_square/share/turtle_square/hook/ament_prefix_path.ps1'
[40.478s] INFO:colcon.colcon_core.shell:Creating environment descriptor '/mnt/c/Users/DELL/Desktop/ros/ros2/turtle_square/install/turtle_square/share/turtle_square/hook/ament_prefix_path.dsv'
[40.501s] INFO:colcon.colcon_core.shell:Creating environment hook '/mnt/c/Users/DELL/Desktop/ros/ros2/turtle_square/install/turtle_square/share/turtle_square/hook/ament_prefix_path.sh'
[40.525s] INFO:colcon.colcon_core.shell:Skip shell extension 'powershell' for command environment: Not usable outside of PowerShell
[40.536s] DEBUG:colcon.colcon_core.shell:Skip shell extension 'dsv' for command environment
[1.468s] INFO:colcon.colcon_core.task.python.build:Building Python package in '/mnt/c/Users/DELL/Desktop/ros/ros2/turtle_square'
[1.469s] INFO:colcon.colcon_core.shell:Skip shell extension 'powershell' for command environment: Not usable outside of PowerShell
[1.470s] DEBUG:colcon.colcon_core.shell:Skip shell extension 'dsv' for command environment
[3.531s] DEBUG:colcon.colcon_core.event_handler.log_command:Invoking command in '/mnt/c/Users/DELL/Desktop/ros/ros2/turtle_square': PYTHONPATH=/mnt/c/Users/DELL/Desktop/ros/ros2/turtle_square/build/turtle_square/prefix_override:/usr/lib/python3/dist-packages/colcon_core/task/python/colcon_distutils_commands:/mnt/c/Users/DELL/Desktop/ros/ros2/turtle_square/install/turtle_square/lib/python3.10/site-packages:${PYTHONPATH} /usr/bin/python3 -W ignore:setup.py install is deprecated -W ignore:easy_install command is deprecated setup.py egg_info --egg-base build/turtle_square build --build-base /mnt/c/Users/DELL/Desktop/ros/ros2/turtle_square/build/turtle_square/build install --record /mnt/c/Users/DELL/Desktop/ros/ros2/turtle_square/build/turtle_square/install.log --single-version-externally-managed install_data
[45.975s] DEBUG:colcon.colcon_core.event_handler.log_command:Invoked command in '/mnt/c/Users/DELL/Desktop/ros/ros2/turtle_square' returned '0': PYTHONPATH=/mnt/c/Users/DELL/Desktop/ros/ros2/turtle_square/build/turtle_square/prefix_override:/usr/lib/python3/dist-packages/colcon_core/task/python/colcon_distutils_commands:/mnt/c/Users/DELL/Desktop/ros/ros2/turtle_square/install/turtle_square/lib/python3.10/site-packages:${PYTHONPATH} /usr/bin/python3 -W ignore:setup.py install is deprecated -W ignore:easy_install command is deprecated setup.py egg_info --egg-base build/turtle_square build --build-base /mnt/c/Users/DELL/Desktop/ros/ros2/turtle_square/build/turtle_square/build install --record /mnt/c/Users/DELL/Desktop/ros/ros2/turtle_square/build/turtle_square/install.log --single-version-externally-managed install_data
[45.980s] Level 1:colcon.colcon_core.environment:checking '/mnt/c/Users/DELL/Desktop/ros/ros2/turtle_square/install/turtle_square' for CMake module files
[46.067s] Level 1:colcon.colcon_core.environment:checking '/mnt/c/Users/DELL/Desktop/ros/ros2/turtle_square/install/turtle_square' for CMake config files
[6.564s] Level 1:colcon.colcon_core.environment:checking '/mnt/c/Users/DELL/Desktop/ros/ros2/turtle_square/install/turtle_square/lib'
[6.569s] Level 1:colcon.colcon_core.environment:checking '/mnt/c/Users/DELL/Desktop/ros/ros2/turtle_square/install/turtle_square/bin'
[6.571s] Level 1:colcon.colcon_core.environment:checking '/mnt/c/Users/DELL/Desktop/ros/ros2/turtle_square/install/turtle_square/lib/pkgconfig/turtle_square.pc'
[6.573s] Level 1:colcon.colcon_core.environment:checking '/mnt/c/Users/DELL/Desktop/ros/ros2/turtle_square/install/turtle_square/lib/python3.10/site-packages'
[6.576s] Level 1:colcon.colcon_core.shell:create_environment_hook('turtle_square', 'pythonpath')
[6.576s] INFO:colcon.colcon_core.shell:Creating environment hook '/mnt/c/Users/DELL/Desktop/ros/ros2/turtle_square/install/turtle_square/share/turtle_square/hook/pythonpath.ps1'
[6.599s] INFO:colcon.colcon_core.shell:Creating environment descriptor '/mnt/c/Users/DELL/Desktop/ros/ros2/turtle_square/install/turtle_square/share/turtle_square/hook/pythonpath.dsv'
[6.615s] INFO:colcon.colcon_core.shell:Creating environment hook '/mnt/c/Users/DELL/Desktop/ros/ros2/turtle_square/install/turtle_square/share/turtle_square/hook/pythonpath.sh'
[6.632s] Level 1:colcon.colcon_core.environment:checking '/mnt/c/Users/DELL/Desktop/ros/ros2/turtle_square/install/turtle_square/bin'
[6.634s] Level 1:colcon.colcon_core.environment:create_environment_scripts_only(turtle_square)
[6.635s] INFO:colcon.colcon_core.shell:Creating package script '/mnt/c/Users/DELL/Desktop/ros/ros2/turtle_square/install/turtle_square/share/turtle_square/package.ps1'
[6.652s] INFO:colcon.colcon_core.shell:Creating package descriptor '/mnt/c/Users/DELL/Desktop/ros/ros2/turtle_square/install/turtle_square/share/turtle_square/package.dsv'
[6.671s] INFO:colcon.colcon_core.shell:Creating package script '/mnt/c/Users/DELL/Desktop/ros/ros2/turtle_square/install/turtle_square/share/turtle_square/package.sh'
[6.686s] INFO:colcon.colcon_core.shell:Creating package script '/mnt/c/Users/DELL/Desktop/ros/ros2/turtle_square/install/turtle_square/share/turtle_square/package.bash'
[6.702s] INFO:colcon.colcon_core.shell:Creating package script '/mnt/c/Users/DELL/Desktop/ros/ros2/turtle_square/install/turtle_square/share/turtle_square/package.zsh'
[6.717s] Level 1:colcon.colcon_core.environment:create_file_with_runtime_dependencies(/mnt/c/Users/DELL/Desktop/ros/ros2/turtle_square/install/turtle_square/share/colcon-core/packages/turtle_square)
[6.726s] DEBUG:colcon.colcon_parallel_executor.executor.parallel:closing loop
[6.727s] DEBUG:colcon.colcon_parallel_executor.executor.parallel:loop closed
[6.728s] DEBUG:colcon.colcon_parallel_executor.executor.parallel:run_until_complete finished with '0'
[6.728s] DEBUG:colcon.colcon_core.event_reactor:joining thread
[6.814s] INFO:colcon.colcon_core.plugin_system:Skipping extension 'colcon_notification.desktop_notification.notify_send': Could not find 'notify-send'
[6.815s] INFO:colcon.colcon_core.plugin_system:Skipping extension 'colcon_notification.desktop_notification.terminal_notifier': Not used on non-Darwin systems
[6.816s] INFO:colcon.colcon_core.plugin_system:Skipping extension 'colcon_notification.desktop_notification.win32': Not used on non-Windows systems
[6.817s] INFO:colcon.colcon_notification.desktop_notification:Sending desktop notification using 'notify2'
[6.820s] DEBUG:colcon.colcon_notification.desktop_notification.notify2:Failed to initialize notify2: org.freedesktop.DBus.Error.ServiceUnknown: The name org.freedesktop.Notifications was not provided by any .service files
[6.821s] DEBUG:colcon.colcon_core.event_reactor:joined thread
[6.822s] INFO:colcon.colcon_core.shell:Creating prefix script '/mnt/c/Users/DELL/Desktop/ros/ros2/turtle_square/install/local_setup.ps1'
[6.838s] INFO:colcon.colcon_core.shell:Creating prefix util module '/mnt/c/Users/DELL/Desktop/ros/ros2/turtle_square/install/_local_setup_util_ps1.py'
[6.857s] INFO:colcon.colcon_core.shell:Creating prefix chain script '/mnt/c/Users/DELL/Desktop/ros/ros2/turtle_square/install/setup.ps1'
[6.886s] INFO:colcon.colcon_core.shell:Creating prefix script '/mnt/c/Users/DELL/Desktop/ros/ros2/turtle_square/install/local_setup.sh'
[6.900s] INFO:colcon.colcon_core.shell:Creating prefix util module '/mnt/c/Users/DELL/Desktop/ros/ros2/turtle_square/install/_local_setup_util_sh.py'
[6.913s] INFO:colcon.colcon_core.shell:Creating prefix chain script '/mnt/c/Users/DELL/Desktop/ros/ros2/turtle_square/install/setup.sh'
[6.940s] INFO:colcon.colcon_core.shell:Creating prefix script '/mnt/c/Users/DELL/Desktop/ros/ros2/turtle_square/install/local_setup.bash'
[6.953s] INFO:colcon.colcon_core.shell:Creating prefix chain script '/mnt/c/Users/DELL/Desktop/ros/ros2/turtle_square/install/setup.bash'
[6.977s] INFO:colcon.colcon_core.shell:Creating prefix script '/mnt/c/Users/DELL/Desktop/ros/ros2/turtle_square/install/local_setup.zsh'
[6.987s] INFO:colcon.colcon_core.shell:Creating prefix chain script '/mnt/c/Users/DELL/Desktop/ros/ros2/turtle_square/install/setup.zsh'
