[3.281s] Invoking command in '/mnt/c/Users/DELL/Desktop/ros/ros2/turtle_square': PYTHONPATH=/mnt/c/Users/DELL/Desktop/ros/ros2/turtle_square/build/turtle_square/prefix_override:/usr/lib/python3/dist-packages/colcon_core/task/python/colcon_distutils_commands:/mnt/c/Users/DELL/Desktop/ros/ros2/turtle_square/install/turtle_square/lib/python3.10/site-packages:${PYTHONPATH} /usr/bin/python3 -W ignore:setup.py install is deprecated -W ignore:easy_install command is deprecated setup.py egg_info --egg-base build/turtle_square build --build-base /mnt/c/Users/DELL/Desktop/ros/ros2/turtle_square/build/turtle_square/build install --record /mnt/c/Users/DELL/Desktop/ros/ros2/turtle_square/build/turtle_square/install.log --single-version-externally-managed install_data
[4.878s] running egg_info
[4.888s] writing build/turtle_square/turtle_square.egg-info/PKG-INFO
[4.900s] writing dependency_links to build/turtle_square/turtle_square.egg-info/dependency_links.txt
[4.911s] writing entry points to build/turtle_square/turtle_square.egg-info/entry_points.txt
[4.921s] writing requirements to build/turtle_square/turtle_square.egg-info/requires.txt
[4.928s] writing top-level names to build/turtle_square/turtle_square.egg-info/top_level.txt
[4.981s] reading manifest file 'build/turtle_square/turtle_square.egg-info/SOURCES.txt'
[5.132s] writing manifest file 'build/turtle_square/turtle_square.egg-info/SOURCES.txt'
[5.138s] running build
[5.140s] running build_py
[5.165s] copying turtle_square/__init__.py -> /mnt/c/Users/DELL/Desktop/ros/ros2/turtle_square/build/turtle_square/build/lib/turtle_square
[5.206s] running install
[5.208s] running install_lib
[5.364s] copying /mnt/c/Users/DELL/Desktop/ros/ros2/turtle_square/build/turtle_square/build/lib/turtle_square/__init__.py -> /mnt/c/Users/DELL/Desktop/ros/ros2/turtle_square/install/turtle_square/lib/python3.10/site-packages/turtle_square
[5.452s] byte-compiling /mnt/c/Users/DELL/Desktop/ros/ros2/turtle_square/install/turtle_square/lib/python3.10/site-packages/turtle_square/__init__.py to __init__.cpython-310.pyc
[5.527s] running install_data
[5.567s] running install_egg_info
[5.590s] removing '/mnt/c/Users/DELL/Desktop/ros/ros2/turtle_square/install/turtle_square/lib/python3.10/site-packages/turtle_square-0.0.0-py3.10.egg-info' (and everything under it)
[5.686s] Copying build/turtle_square/turtle_square.egg-info to /mnt/c/Users/DELL/Desktop/ros/ros2/turtle_square/install/turtle_square/lib/python3.10/site-packages/turtle_square-0.0.0-py3.10.egg-info
[6.223s] running install_scripts
[6.365s] Installing turtle_square_node script to /mnt/c/Users/DELL/Desktop/ros/ros2/turtle_square/install/turtle_square/lib/turtle_square
[6.389s] writing list of installed files to '/mnt/c/Users/DELL/Desktop/ros/ros2/turtle_square/build/turtle_square/install.log'
[6.431s] Invoked command in '/mnt/c/Users/DELL/Desktop/ros/ros2/turtle_square' returned '0': PYTHONPATH=/mnt/c/Users/DELL/Desktop/ros/ros2/turtle_square/build/turtle_square/prefix_override:/usr/lib/python3/dist-packages/colcon_core/task/python/colcon_distutils_commands:/mnt/c/Users/DELL/Desktop/ros/ros2/turtle_square/install/turtle_square/lib/python3.10/site-packages:${PYTHONPATH} /usr/bin/python3 -W ignore:setup.py install is deprecated -W ignore:easy_install command is deprecated setup.py egg_info --egg-base build/turtle_square build --build-base /mnt/c/Users/DELL/Desktop/ros/ros2/turtle_square/build/turtle_square/build install --record /mnt/c/Users/DELL/Desktop/ros/ros2/turtle_square/build/turtle_square/install.log --single-version-externally-managed install_data
