[4.039s] Invoking command in '/mnt/c/Users/DELL/Desktop/ros/ros2/turtle_Square': PYTHONPATH=/mnt/c/Users/DELL/Desktop/ros/ros2/turtle_Square/build/turtle_square/prefix_override:/usr/lib/python3/dist-packages/colcon_core/task/python/colcon_distutils_commands:/mnt/c/Users/DELL/Desktop/ros/ros2/turtle_Square/install/turtle_square/lib/python3.10/site-packages:${PYTHONPATH} /usr/bin/python3 -W ignore:setup.py install is deprecated -W ignore:easy_install command is deprecated setup.py egg_info --egg-base build/turtle_square build --build-base /mnt/c/Users/DELL/Desktop/ros/ros2/turtle_Square/build/turtle_square/build install --record /mnt/c/Users/DELL/Desktop/ros/ros2/turtle_Square/build/turtle_square/install.log --single-version-externally-managed install_data
[5.617s] running egg_info
[5.632s] writing build/turtle_square/turtle_square.egg-info/PKG-INFO
[5.651s] writing dependency_links to build/turtle_square/turtle_square.egg-info/dependency_links.txt
[5.666s] writing entry points to build/turtle_square/turtle_square.egg-info/entry_points.txt
[5.677s] writing requirements to build/turtle_square/turtle_square.egg-info/requires.txt
[5.682s] writing top-level names to build/turtle_square/turtle_square.egg-info/top_level.txt
[5.776s] reading manifest file 'build/turtle_square/turtle_square.egg-info/SOURCES.txt'
[5.886s] writing manifest file 'build/turtle_square/turtle_square.egg-info/SOURCES.txt'
[5.895s] running build
[5.907s] running build_py
[5.935s] running install
[5.937s] running install_lib
[6.059s] running install_data
[6.097s] running install_egg_info
[6.123s] removing '/mnt/c/Users/DELL/Desktop/ros/ros2/turtle_Square/install/turtle_square/lib/python3.10/site-packages/turtle_square-0.0.0-py3.10.egg-info' (and everything under it)
[6.199s] Copying build/turtle_square/turtle_square.egg-info to /mnt/c/Users/DELL/Desktop/ros/ros2/turtle_Square/install/turtle_square/lib/python3.10/site-packages/turtle_square-0.0.0-py3.10.egg-info
[6.630s] running install_scripts
[6.772s] Installing turtle_square_node script to /mnt/c/Users/DELL/Desktop/ros/ros2/turtle_Square/install/turtle_square/lib/turtle_square
[6.800s] writing list of installed files to '/mnt/c/Users/DELL/Desktop/ros/ros2/turtle_Square/build/turtle_square/install.log'
[6.839s] Invoked command in '/mnt/c/Users/DELL/Desktop/ros/ros2/turtle_Square' returned '0': PYTHONPATH=/mnt/c/Users/DELL/Desktop/ros/ros2/turtle_Square/build/turtle_square/prefix_override:/usr/lib/python3/dist-packages/colcon_core/task/python/colcon_distutils_commands:/mnt/c/Users/DELL/Desktop/ros/ros2/turtle_Square/install/turtle_square/lib/python3.10/site-packages:${PYTHONPATH} /usr/bin/python3 -W ignore:setup.py install is deprecated -W ignore:easy_install command is deprecated setup.py egg_info --egg-base build/turtle_square build --build-base /mnt/c/Users/DELL/Desktop/ros/ros2/turtle_Square/build/turtle_square/build install --record /mnt/c/Users/DELL/Desktop/ros/ros2/turtle_Square/build/turtle_square/install.log --single-version-externally-managed install_data
