[0.416s] DEBUG:colcon:Command line arguments: ['/usr/bin/colcon', 'build']
[0.416s] DEBUG:colcon:Parsed command line arguments: Namespace(log_base=None, log_level=None, verb_name='build', build_base='build', install_base='install', merge_install=False, symlink_install=False, test_result_base=None, continue_on_error=False, executor='parallel', parallel_workers=8, event_handlers=None, ignore_user_meta=False, metas=['./colcon.meta'], base_paths=['.'], packages_ignore=None, packages_ignore_regex=None, paths=None, packages_up_to=None, packages_up_to_regex=None, packages_above=None, packages_above_and_dependencies=None, packages_above_depth=None, packages_select_by_dep=None, packages_skip_by_dep=None, packages_skip_up_to=None, packages_select_build_failed=False, packages_skip_build_finished=False, packages_select_test_failures=False, packages_skip_test_passed=False, packages_select=None, packages_skip=None, packages_select_regex=None, packages_skip_regex=None, packages_start=None, packages_end=None, allow_overriding=[], cmake_args=None, cmake_target=None, cmake_target_skip_unavailable=False, cmake_clean_cache=False, cmake_clean_first=False, cmake_force_configure=False, ament_cmake_args=None, catkin_cmake_args=None, catkin_skip_building_tests=False, mixin_files=None, mixin=None, verb_parser=<colcon_mixin.mixin.mixin_argument.MixinArgumentDecorator object at 0x73e3a4380af0>, verb_extension=<colcon_core.verb.build.BuildVerb object at 0x73e3a43804f0>, main=<bound method BuildVerb.main of <colcon_core.verb.build.BuildVerb object at 0x73e3a43804f0>>, mixin_verb=('build',))
[0.827s] Level 1:colcon.colcon_core.package_discovery:discover_packages(colcon_meta) check parameters
[0.828s] Level 1:colcon.colcon_core.package_discovery:discover_packages(recursive) check parameters
[0.828s] Level 1:colcon.colcon_core.package_discovery:discover_packages(ignore) check parameters
[0.829s] Level 1:colcon.colcon_core.package_discovery:discover_packages(path) check parameters
[0.829s] Level 1:colcon.colcon_core.package_discovery:discover_packages(colcon_meta) discover
[0.830s] Level 1:colcon.colcon_core.package_discovery:discover_packages(recursive) discover
[0.830s] INFO:colcon.colcon_core.package_discovery:Crawling recursively for packages in '/mnt/c/Users/DELL/Desktop/ros/ros2'
[0.833s] Level 1:colcon.colcon_core.package_identification:_identify(.) by extensions ['ignore', 'ignore_ament_install']
[0.833s] Level 1:colcon.colcon_core.package_identification:_identify(.) by extension 'ignore'
[0.834s] Level 1:colcon.colcon_core.package_identification:_identify(.) by extension 'ignore_ament_install'
[0.835s] Level 1:colcon.colcon_core.package_identification:_identify(.) by extensions ['colcon_pkg']
[0.835s] Level 1:colcon.colcon_core.package_identification:_identify(.) by extension 'colcon_pkg'
[0.836s] Level 1:colcon.colcon_core.package_identification:_identify(.) by extensions ['colcon_meta']
[0.836s] Level 1:colcon.colcon_core.package_identification:_identify(.) by extension 'colcon_meta'
[0.836s] Level 1:colcon.colcon_core.package_identification:_identify(.) by extensions ['ros']
[0.836s] Level 1:colcon.colcon_core.package_identification:_identify(.) by extension 'ros'
[0.871s] Level 1:colcon.colcon_core.package_identification:_identify(.) by extensions ['cmake', 'python']
[0.872s] Level 1:colcon.colcon_core.package_identification:_identify(.) by extension 'cmake'
[0.873s] Level 1:colcon.colcon_core.package_identification:_identify(.) by extension 'python'
[0.874s] Level 1:colcon.colcon_core.package_identification:_identify(.) by extensions ['python_setup_py']
[0.874s] Level 1:colcon.colcon_core.package_identification:_identify(.) by extension 'python_setup_py'
[0.881s] Level 1:colcon.colcon_core.package_identification:_identify(ROS2-learnings) by extensions ['ignore', 'ignore_ament_install']
[0.881s] Level 1:colcon.colcon_core.package_identification:_identify(ROS2-learnings) by extension 'ignore'
[0.883s] Level 1:colcon.colcon_core.package_identification:_identify(ROS2-learnings) by extension 'ignore_ament_install'
[0.887s] Level 1:colcon.colcon_core.package_identification:_identify(ROS2-learnings) by extensions ['colcon_pkg']
[0.887s] Level 1:colcon.colcon_core.package_identification:_identify(ROS2-learnings) by extension 'colcon_pkg'
[0.889s] Level 1:colcon.colcon_core.package_identification:_identify(ROS2-learnings) by extensions ['colcon_meta']
[0.889s] Level 1:colcon.colcon_core.package_identification:_identify(ROS2-learnings) by extension 'colcon_meta'
[0.891s] Level 1:colcon.colcon_core.package_identification:_identify(ROS2-learnings) by extensions ['ros']
[0.892s] Level 1:colcon.colcon_core.package_identification:_identify(ROS2-learnings) by extension 'ros'
[0.900s] Level 1:colcon.colcon_core.package_identification:_identify(ROS2-learnings) by extensions ['cmake', 'python']
[0.901s] Level 1:colcon.colcon_core.package_identification:_identify(ROS2-learnings) by extension 'cmake'
[0.903s] Level 1:colcon.colcon_core.package_identification:_identify(ROS2-learnings) by extension 'python'
[0.904s] Level 1:colcon.colcon_core.package_identification:_identify(ROS2-learnings) by extensions ['python_setup_py']
[0.905s] Level 1:colcon.colcon_core.package_identification:_identify(ROS2-learnings) by extension 'python_setup_py'
[0.912s] Level 1:colcon.colcon_core.package_identification:_identify(build) by extensions ['ignore', 'ignore_ament_install']
[0.912s] Level 1:colcon.colcon_core.package_identification:_identify(build) by extension 'ignore'
[0.915s] Level 1:colcon.colcon_core.package_identification:_identify(build) ignored
[0.921s] Level 1:colcon.colcon_core.package_identification:_identify(install) by extensions ['ignore', 'ignore_ament_install']
[0.922s] Level 1:colcon.colcon_core.package_identification:_identify(install) by extension 'ignore'
[0.924s] Level 1:colcon.colcon_core.package_identification:_identify(install) ignored
[0.933s] Level 1:colcon.colcon_core.package_identification:_identify(log) by extensions ['ignore', 'ignore_ament_install']
[0.934s] Level 1:colcon.colcon_core.package_identification:_identify(log) by extension 'ignore'
[0.935s] Level 1:colcon.colcon_core.package_identification:_identify(log) ignored
[0.941s] Level 1:colcon.colcon_core.package_identification:_identify(turtle_square) by extensions ['ignore', 'ignore_ament_install']
[0.942s] Level 1:colcon.colcon_core.package_identification:_identify(turtle_square) by extension 'ignore'
[0.943s] Level 1:colcon.colcon_core.package_identification:_identify(turtle_square) by extension 'ignore_ament_install'
[0.946s] Level 1:colcon.colcon_core.package_identification:_identify(turtle_square) by extensions ['colcon_pkg']
[0.947s] Level 1:colcon.colcon_core.package_identification:_identify(turtle_square) by extension 'colcon_pkg'
[0.948s] Level 1:colcon.colcon_core.package_identification:_identify(turtle_square) by extensions ['colcon_meta']
[0.948s] Level 1:colcon.colcon_core.package_identification:_identify(turtle_square) by extension 'colcon_meta'
[0.950s] Level 1:colcon.colcon_core.package_identification:_identify(turtle_square) by extensions ['ros']
[0.950s] Level 1:colcon.colcon_core.package_identification:_identify(turtle_square) by extension 'ros'
[0.979s] DEBUG:colcon.colcon_core.package_identification:Package 'turtle_square' with type 'ros.ament_python' and name 'turtle_square'
[0.980s] Level 1:colcon.colcon_core.package_discovery:discover_packages(recursive) using defaults
[0.980s] Level 1:colcon.colcon_core.package_discovery:discover_packages(ignore) discover
[0.980s] Level 1:colcon.colcon_core.package_discovery:discover_packages(ignore) using defaults
[0.981s] Level 1:colcon.colcon_core.package_discovery:discover_packages(path) discover
[0.981s] Level 1:colcon.colcon_core.package_discovery:discover_packages(path) using defaults
[1.046s] Level 1:colcon.colcon_core.package_discovery:discover_packages(prefix_path) check parameters
[1.047s] Level 1:colcon.colcon_core.package_discovery:discover_packages(prefix_path) discover
[1.092s] DEBUG:colcon.colcon_installed_package_information.package_discovery:Found 346 installed packages in /home/aaryanhood/ros2_humble/install
[1.095s] Level 1:colcon.colcon_core.package_discovery:discover_packages(prefix_path) using defaults
[1.924s] Level 5:colcon.colcon_core.verb:set package 'turtle_square' build argument 'cmake_args' from command line to 'None'
[1.924s] Level 5:colcon.colcon_core.verb:set package 'turtle_square' build argument 'cmake_target' from command line to 'None'
[1.925s] Level 5:colcon.colcon_core.verb:set package 'turtle_square' build argument 'cmake_target_skip_unavailable' from command line to 'False'
[1.926s] Level 5:colcon.colcon_core.verb:set package 'turtle_square' build argument 'cmake_clean_cache' from command line to 'False'
[1.926s] Level 5:colcon.colcon_core.verb:set package 'turtle_square' build argument 'cmake_clean_first' from command line to 'False'
[1.927s] Level 5:colcon.colcon_core.verb:set package 'turtle_square' build argument 'cmake_force_configure' from command line to 'False'
[1.927s] Level 5:colcon.colcon_core.verb:set package 'turtle_square' build argument 'ament_cmake_args' from command line to 'None'
[1.928s] Level 5:colcon.colcon_core.verb:set package 'turtle_square' build argument 'catkin_cmake_args' from command line to 'None'
[1.929s] Level 5:colcon.colcon_core.verb:set package 'turtle_square' build argument 'catkin_skip_building_tests' from command line to 'False'
[1.930s] DEBUG:colcon.colcon_core.verb:Building package 'turtle_square' with the following arguments: {'ament_cmake_args': None, 'build_base': '/mnt/c/Users/DELL/Desktop/ros/ros2/build/turtle_square', 'catkin_cmake_args': None, 'catkin_skip_building_tests': False, 'cmake_args': None, 'cmake_clean_cache': False, 'cmake_clean_first': False, 'cmake_force_configure': False, 'cmake_target': None, 'cmake_target_skip_unavailable': False, 'install_base': '/mnt/c/Users/DELL/Desktop/ros/ros2/install/turtle_square', 'merge_install': False, 'path': '/mnt/c/Users/DELL/Desktop/ros/ros2/turtle_square', 'symlink_install': False, 'test_result_base': None}
[1.931s] INFO:colcon.colcon_core.executor:Executing jobs using 'parallel' executor
[1.933s] DEBUG:colcon.colcon_parallel_executor.executor.parallel:run_until_complete
[1.934s] INFO:colcon.colcon_ros.task.ament_python.build:Building ROS package in '/mnt/c/Users/DELL/Desktop/ros/ros2/turtle_square' with build type 'ament_python'
[1.935s] Level 1:colcon.colcon_core.shell:create_environment_hook('turtle_square', 'ament_prefix_path')
[1.951s] INFO:colcon.colcon_core.plugin_system:Skipping extension 'colcon_core.shell.bat': Not used on non-Windows systems
[1.952s] INFO:colcon.colcon_core.shell:Creating environment hook '/mnt/c/Users/DELL/Desktop/ros/ros2/install/turtle_square/share/turtle_square/hook/ament_prefix_path.ps1'
[1.985s] INFO:colcon.colcon_core.shell:Creating environment descriptor '/mnt/c/Users/DELL/Desktop/ros/ros2/install/turtle_square/share/turtle_square/hook/ament_prefix_path.dsv'
[2.011s] INFO:colcon.colcon_core.shell:Creating environment hook '/mnt/c/Users/DELL/Desktop/ros/ros2/install/turtle_square/share/turtle_square/hook/ament_prefix_path.sh'
[2.038s] INFO:colcon.colcon_core.shell:Skip shell extension 'powershell' for command environment: Not usable outside of PowerShell
[2.038s] DEBUG:colcon.colcon_core.shell:Skip shell extension 'dsv' for command environment
[2.715s] INFO:colcon.colcon_core.task.python.build:Building Python package in '/mnt/c/Users/DELL/Desktop/ros/ros2/turtle_square'
[2.716s] INFO:colcon.colcon_core.shell:Skip shell extension 'powershell' for command environment: Not usable outside of PowerShell
[2.717s] DEBUG:colcon.colcon_core.shell:Skip shell extension 'dsv' for command environment
[5.654s] DEBUG:colcon.colcon_core.event_handler.log_command:Invoking command in '/mnt/c/Users/DELL/Desktop/ros/ros2/turtle_square': PYTHONPATH=/mnt/c/Users/DELL/Desktop/ros/ros2/build/turtle_square/prefix_override:/usr/lib/python3/dist-packages/colcon_core/task/python/colcon_distutils_commands:/mnt/c/Users/DELL/Desktop/ros/ros2/install/turtle_square/lib/python3.10/site-packages:${PYTHONPATH} /usr/bin/python3 -W ignore:setup.py install is deprecated -W ignore:easy_install command is deprecated setup.py egg_info --egg-base ../build/turtle_square build --build-base /mnt/c/Users/DELL/Desktop/ros/ros2/build/turtle_square/build install --record /mnt/c/Users/DELL/Desktop/ros/ros2/build/turtle_square/install.log --single-version-externally-managed install_data
[9.736s] DEBUG:colcon.colcon_core.event_handler.log_command:Invoked command in '/mnt/c/Users/DELL/Desktop/ros/ros2/turtle_square' returned '0': PYTHONPATH=/mnt/c/Users/DELL/Desktop/ros/ros2/build/turtle_square/prefix_override:/usr/lib/python3/dist-packages/colcon_core/task/python/colcon_distutils_commands:/mnt/c/Users/DELL/Desktop/ros/ros2/install/turtle_square/lib/python3.10/site-packages:${PYTHONPATH} /usr/bin/python3 -W ignore:setup.py install is deprecated -W ignore:easy_install command is deprecated setup.py egg_info --egg-base ../build/turtle_square build --build-base /mnt/c/Users/DELL/Desktop/ros/ros2/build/turtle_square/build install --record /mnt/c/Users/DELL/Desktop/ros/ros2/build/turtle_square/install.log --single-version-externally-managed install_data
[9.749s] Level 1:colcon.colcon_core.environment:checking '/mnt/c/Users/DELL/Desktop/ros/ros2/install/turtle_square' for CMake module files
[-30.015s] Level 1:colcon.colcon_core.environment:checking '/mnt/c/Users/DELL/Desktop/ros/ros2/install/turtle_square' for CMake config files
[-29.906s] Level 1:colcon.colcon_core.environment:checking '/mnt/c/Users/DELL/Desktop/ros/ros2/install/turtle_square/lib'
[-29.900s] Level 1:colcon.colcon_core.environment:checking '/mnt/c/Users/DELL/Desktop/ros/ros2/install/turtle_square/bin'
[-29.899s] Level 1:colcon.colcon_core.environment:checking '/mnt/c/Users/DELL/Desktop/ros/ros2/install/turtle_square/lib/pkgconfig/turtle_square.pc'
[-29.897s] Level 1:colcon.colcon_core.environment:checking '/mnt/c/Users/DELL/Desktop/ros/ros2/install/turtle_square/lib/python3.10/site-packages'
[-29.894s] Level 1:colcon.colcon_core.shell:create_environment_hook('turtle_square', 'pythonpath')
[-29.893s] INFO:colcon.colcon_core.shell:Creating environment hook '/mnt/c/Users/DELL/Desktop/ros/ros2/install/turtle_square/share/turtle_square/hook/pythonpath.ps1'
[-29.863s] INFO:colcon.colcon_core.shell:Creating environment descriptor '/mnt/c/Users/DELL/Desktop/ros/ros2/install/turtle_square/share/turtle_square/hook/pythonpath.dsv'
[-29.828s] INFO:colcon.colcon_core.shell:Creating environment hook '/mnt/c/Users/DELL/Desktop/ros/ros2/install/turtle_square/share/turtle_square/hook/pythonpath.sh'
[-29.792s] Level 1:colcon.colcon_core.environment:checking '/mnt/c/Users/DELL/Desktop/ros/ros2/install/turtle_square/bin'
[-29.788s] Level 1:colcon.colcon_core.environment:create_environment_scripts_only(turtle_square)
[-29.787s] INFO:colcon.colcon_core.shell:Creating package script '/mnt/c/Users/DELL/Desktop/ros/ros2/install/turtle_square/share/turtle_square/package.ps1'
[-29.757s] INFO:colcon.colcon_core.shell:Creating package descriptor '/mnt/c/Users/DELL/Desktop/ros/ros2/install/turtle_square/share/turtle_square/package.dsv'
[-29.723s] INFO:colcon.colcon_core.shell:Creating package script '/mnt/c/Users/DELL/Desktop/ros/ros2/install/turtle_square/share/turtle_square/package.sh'
[-29.691s] INFO:colcon.colcon_core.shell:Creating package script '/mnt/c/Users/DELL/Desktop/ros/ros2/install/turtle_square/share/turtle_square/package.bash'
[-29.659s] INFO:colcon.colcon_core.shell:Creating package script '/mnt/c/Users/DELL/Desktop/ros/ros2/install/turtle_square/share/turtle_square/package.zsh'
[-29.628s] Level 1:colcon.colcon_core.environment:create_file_with_runtime_dependencies(/mnt/c/Users/DELL/Desktop/ros/ros2/install/turtle_square/share/colcon-core/packages/turtle_square)
[-29.604s] DEBUG:colcon.colcon_parallel_executor.executor.parallel:closing loop
[-29.603s] DEBUG:colcon.colcon_parallel_executor.executor.parallel:loop closed
[-29.603s] DEBUG:colcon.colcon_parallel_executor.executor.parallel:run_until_complete finished with '0'
[-29.602s] DEBUG:colcon.colcon_core.event_reactor:joining thread
[-29.497s] INFO:colcon.colcon_core.plugin_system:Skipping extension 'colcon_notification.desktop_notification.notify_send': Could not find 'notify-send'
[-29.496s] INFO:colcon.colcon_core.plugin_system:Skipping extension 'colcon_notification.desktop_notification.terminal_notifier': Not used on non-Darwin systems
[-29.495s] INFO:colcon.colcon_core.plugin_system:Skipping extension 'colcon_notification.desktop_notification.win32': Not used on non-Windows systems
[-29.495s] INFO:colcon.colcon_notification.desktop_notification:Sending desktop notification using 'notify2'
[-29.479s] DEBUG:colcon.colcon_notification.desktop_notification.notify2:Failed to initialize notify2: org.freedesktop.DBus.Error.ServiceUnknown: The name org.freedesktop.Notifications was not provided by any .service files
[-29.476s] DEBUG:colcon.colcon_core.event_reactor:joined thread
[-29.475s] INFO:colcon.colcon_core.shell:Creating prefix script '/mnt/c/Users/DELL/Desktop/ros/ros2/install/local_setup.ps1'
[-29.460s] INFO:colcon.colcon_core.shell:Creating prefix util module '/mnt/c/Users/DELL/Desktop/ros/ros2/install/_local_setup_util_ps1.py'
[-29.445s] INFO:colcon.colcon_core.shell:Creating prefix chain script '/mnt/c/Users/DELL/Desktop/ros/ros2/install/setup.ps1'
[-29.420s] INFO:colcon.colcon_core.shell:Creating prefix script '/mnt/c/Users/DELL/Desktop/ros/ros2/install/local_setup.sh'
[-29.407s] INFO:colcon.colcon_core.shell:Creating prefix util module '/mnt/c/Users/DELL/Desktop/ros/ros2/install/_local_setup_util_sh.py'
[-29.396s] INFO:colcon.colcon_core.shell:Creating prefix chain script '/mnt/c/Users/DELL/Desktop/ros/ros2/install/setup.sh'
[-29.370s] INFO:colcon.colcon_core.shell:Creating prefix script '/mnt/c/Users/DELL/Desktop/ros/ros2/install/local_setup.bash'
[-29.357s] INFO:colcon.colcon_core.shell:Creating prefix chain script '/mnt/c/Users/DELL/Desktop/ros/ros2/install/setup.bash'
[-29.337s] INFO:colcon.colcon_core.shell:Creating prefix script '/mnt/c/Users/DELL/Desktop/ros/ros2/install/local_setup.zsh'
[-29.326s] INFO:colcon.colcon_core.shell:Creating prefix chain script '/mnt/c/Users/DELL/Desktop/ros/ros2/install/setup.zsh'
