[4.049s] Invoking command in '/mnt/c/Users/DELL/Desktop/ros/ros2/turtle_square': PYTHONPATH=/mnt/c/Users/DELL/Desktop/ros/ros2/turtle_square/build/turtle_square/prefix_override:/usr/lib/python3/dist-packages/colcon_core/task/python/colcon_distutils_commands:/mnt/c/Users/DELL/Desktop/ros/ros2/turtle_square/install/turtle_square/lib/python3.10/site-packages:${PYTHONPATH} /usr/bin/python3 -W ignore:setup.py install is deprecated -W ignore:easy_install command is deprecated setup.py egg_info --egg-base build/turtle_square build --build-base /mnt/c/Users/DELL/Desktop/ros/ros2/turtle_square/build/turtle_square/build install --record /mnt/c/Users/DELL/Desktop/ros/ros2/turtle_square/build/turtle_square/install.log --single-version-externally-managed install_data
[5.675s] running egg_info
[5.690s] writing build/turtle_square/turtle_square.egg-info/PKG-INFO
[5.709s] writing dependency_links to build/turtle_square/turtle_square.egg-info/dependency_links.txt
[5.727s] writing entry points to build/turtle_square/turtle_square.egg-info/entry_points.txt
[5.741s] writing requirements to build/turtle_square/turtle_square.egg-info/requires.txt
[5.749s] writing top-level names to build/turtle_square/turtle_square.egg-info/top_level.txt
[5.847s] reading manifest file 'build/turtle_square/turtle_square.egg-info/SOURCES.txt'
[5.980s] writing manifest file 'build/turtle_square/turtle_square.egg-info/SOURCES.txt'
[5.986s] running build
[5.987s] running build_py
[6.010s] running install
[6.011s] running install_lib
[6.273s] running install_data
[6.307s] running install_egg_info
[6.333s] removing '/mnt/c/Users/DELL/Desktop/ros/ros2/turtle_square/install/turtle_square/lib/python3.10/site-packages/turtle_square-0.0.0-py3.10.egg-info' (and everything under it)
[6.391s] Copying build/turtle_square/turtle_square.egg-info to /mnt/c/Users/DELL/Desktop/ros/ros2/turtle_square/install/turtle_square/lib/python3.10/site-packages/turtle_square-0.0.0-py3.10.egg-info
[6.804s] running install_scripts
[6.943s] Installing turtle_square_node script to /mnt/c/Users/DELL/Desktop/ros/ros2/turtle_square/install/turtle_square/lib/turtle_square
[6.963s] writing list of installed files to '/mnt/c/Users/DELL/Desktop/ros/ros2/turtle_square/build/turtle_square/install.log'
[7.002s] Invoked command in '/mnt/c/Users/DELL/Desktop/ros/ros2/turtle_square' returned '0': PYTHONPATH=/mnt/c/Users/DELL/Desktop/ros/ros2/turtle_square/build/turtle_square/prefix_override:/usr/lib/python3/dist-packages/colcon_core/task/python/colcon_distutils_commands:/mnt/c/Users/DELL/Desktop/ros/ros2/turtle_square/install/turtle_square/lib/python3.10/site-packages:${PYTHONPATH} /usr/bin/python3 -W ignore:setup.py install is deprecated -W ignore:easy_install command is deprecated setup.py egg_info --egg-base build/turtle_square build --build-base /mnt/c/Users/DELL/Desktop/ros/ros2/turtle_square/build/turtle_square/build install --record /mnt/c/Users/DELL/Desktop/ros/ros2/turtle_square/build/turtle_square/install.log --single-version-externally-managed install_data
