[3.817s] Invoking command in '/mnt/c/Users/DELL/Desktop/ros/ros2/turtle_square': PYTHONPATH=/mnt/c/Users/DELL/Desktop/ros/ros2/build/turtle_square/prefix_override:/usr/lib/python3/dist-packages/colcon_core/task/python/colcon_distutils_commands:/mnt/c/Users/DELL/Desktop/ros/ros2/install/turtle_square/lib/python3.10/site-packages:${PYTHONPATH} /usr/bin/python3 -W ignore:setup.py install is deprecated -W ignore:easy_install command is deprecated setup.py egg_info --egg-base ../build/turtle_square build --build-base /mnt/c/Users/DELL/Desktop/ros/ros2/build/turtle_square/build install --record /mnt/c/Users/DELL/Desktop/ros/ros2/build/turtle_square/install.log --single-version-externally-managed install_data
[5.345s] running egg_info
[5.357s] writing ../build/turtle_square/turtle_square.egg-info/PKG-INFO
[5.358s] writing dependency_links to ../build/turtle_square/turtle_square.egg-info/dependency_links.txt
[5.370s] writing entry points to ../build/turtle_square/turtle_square.egg-info/entry_points.txt
[5.384s] writing requirements to ../build/turtle_square/turtle_square.egg-info/requires.txt
[5.386s] writing top-level names to ../build/turtle_square/turtle_square.egg-info/top_level.txt
[5.447s] reading manifest file '../build/turtle_square/turtle_square.egg-info/SOURCES.txt'
[5.544s] writing manifest file '../build/turtle_square/turtle_square.egg-info/SOURCES.txt'
[5.545s] running build
[5.546s] running build_py
[5.555s] running install
[5.556s] running install_lib
[5.681s] running install_data
[5.713s] running install_egg_info
[5.743s] removing '/mnt/c/Users/DELL/Desktop/ros/ros2/install/turtle_square/lib/python3.10/site-packages/turtle_square-0.0.0-py3.10.egg-info' (and everything under it)
[5.828s] Copying ../build/turtle_square/turtle_square.egg-info to /mnt/c/Users/DELL/Desktop/ros/ros2/install/turtle_square/lib/python3.10/site-packages/turtle_square-0.0.0-py3.10.egg-info
[6.309s] running install_scripts
[6.421s] Installing turtle_square_node script to /mnt/c/Users/DELL/Desktop/ros/ros2/install/turtle_square/lib/turtle_square
[6.437s] writing list of installed files to '/mnt/c/Users/DELL/Desktop/ros/ros2/build/turtle_square/install.log'
[6.476s] Invoked command in '/mnt/c/Users/DELL/Desktop/ros/ros2/turtle_square' returned '0': PYTHONPATH=/mnt/c/Users/DELL/Desktop/ros/ros2/build/turtle_square/prefix_override:/usr/lib/python3/dist-packages/colcon_core/task/python/colcon_distutils_commands:/mnt/c/Users/DELL/Desktop/ros/ros2/install/turtle_square/lib/python3.10/site-packages:${PYTHONPATH} /usr/bin/python3 -W ignore:setup.py install is deprecated -W ignore:easy_install command is deprecated setup.py egg_info --egg-base ../build/turtle_square build --build-base /mnt/c/Users/DELL/Desktop/ros/ros2/build/turtle_square/build install --record /mnt/c/Users/DELL/Desktop/ros/ros2/build/turtle_square/install.log --single-version-externally-managed install_data
