[2.808s] Invoking command in '/mnt/c/Users/DELL/Desktop/ros/ros2/turtle_square': PYTHONPATH=/mnt/c/Users/DELL/Desktop/ros/ros2/turtle_square/build/turtle_square/prefix_override:/usr/lib/python3/dist-packages/colcon_core/task/python/colcon_distutils_commands:/mnt/c/Users/DELL/Desktop/ros/ros2/turtle_square/install/turtle_square/lib/python3.10/site-packages:${PYTHONPATH} /usr/bin/python3 -W ignore:setup.py install is deprecated -W ignore:easy_install command is deprecated setup.py egg_info --egg-base build/turtle_square build --build-base /mnt/c/Users/DELL/Desktop/ros/ros2/turtle_square/build/turtle_square/build install --record /mnt/c/Users/DELL/Desktop/ros/ros2/turtle_square/build/turtle_square/install.log --single-version-externally-managed install_data
[4.367s] running egg_info
[4.377s] writing build/turtle_square/turtle_square.egg-info/PKG-INFO
[4.389s] writing dependency_links to build/turtle_square/turtle_square.egg-info/dependency_links.txt
[4.402s] writing entry points to build/turtle_square/turtle_square.egg-info/entry_points.txt
[4.410s] writing requirements to build/turtle_square/turtle_square.egg-info/requires.txt
[4.416s] writing top-level names to build/turtle_square/turtle_square.egg-info/top_level.txt
[4.462s] reading manifest file 'build/turtle_square/turtle_square.egg-info/SOURCES.txt'
[4.561s] writing manifest file 'build/turtle_square/turtle_square.egg-info/SOURCES.txt'
[4.566s] running build
[4.578s] running build_py
[4.590s] running install
[4.591s] running install_lib
[4.706s] running install_data
[4.738s] running install_egg_info
[4.769s] removing '/mnt/c/Users/DELL/Desktop/ros/ros2/turtle_square/install/turtle_square/lib/python3.10/site-packages/turtle_square-0.0.0-py3.10.egg-info' (and everything under it)
[4.837s] Copying build/turtle_square/turtle_square.egg-info to /mnt/c/Users/DELL/Desktop/ros/ros2/turtle_square/install/turtle_square/lib/python3.10/site-packages/turtle_square-0.0.0-py3.10.egg-info
[5.336s] running install_scripts
[5.472s] Installing turtle_square_node script to /mnt/c/Users/DELL/Desktop/ros/ros2/turtle_square/install/turtle_square/lib/turtle_square
[5.492s] writing list of installed files to '/mnt/c/Users/DELL/Desktop/ros/ros2/turtle_square/build/turtle_square/install.log'
[5.525s] Invoked command in '/mnt/c/Users/DELL/Desktop/ros/ros2/turtle_square' returned '0': PYTHONPATH=/mnt/c/Users/DELL/Desktop/ros/ros2/turtle_square/build/turtle_square/prefix_override:/usr/lib/python3/dist-packages/colcon_core/task/python/colcon_distutils_commands:/mnt/c/Users/DELL/Desktop/ros/ros2/turtle_square/install/turtle_square/lib/python3.10/site-packages:${PYTHONPATH} /usr/bin/python3 -W ignore:setup.py install is deprecated -W ignore:easy_install command is deprecated setup.py egg_info --egg-base build/turtle_square build --build-base /mnt/c/Users/DELL/Desktop/ros/ros2/turtle_square/build/turtle_square/build install --record /mnt/c/Users/DELL/Desktop/ros/ros2/turtle_square/build/turtle_square/install.log --single-version-externally-managed install_data
