[4.775s] Invoking command in '/mnt/c/Users/DELL/Desktop/ros/ros2/turtle_square': PYTHONPATH=/mnt/c/Users/DELL/Desktop/ros/ros2/build/turtle_square/prefix_override:/usr/lib/python3/dist-packages/colcon_core/task/python/colcon_distutils_commands:/mnt/c/Users/DELL/Desktop/ros/ros2/install/turtle_square/lib/python3.10/site-packages:${PYTHONPATH} /usr/bin/python3 -W ignore:setup.py install is deprecated -W ignore:easy_install command is deprecated setup.py egg_info --egg-base ../build/turtle_square build --build-base /mnt/c/Users/DELL/Desktop/ros/ros2/build/turtle_square/build install --record /mnt/c/Users/DELL/Desktop/ros/ros2/build/turtle_square/install.log --single-version-externally-managed install_data
[6.924s] running egg_info
[6.938s] writing ../build/turtle_square/turtle_square.egg-info/PKG-INFO
[6.955s] writing dependency_links to ../build/turtle_square/turtle_square.egg-info/dependency_links.txt
[6.971s] writing entry points to ../build/turtle_square/turtle_square.egg-info/entry_points.txt
[6.981s] writing requirements to ../build/turtle_square/turtle_square.egg-info/requires.txt
[6.988s] writing top-level names to ../build/turtle_square/turtle_square.egg-info/top_level.txt
[7.079s] reading manifest file '../build/turtle_square/turtle_square.egg-info/SOURCES.txt'
[7.192s] writing manifest file '../build/turtle_square/turtle_square.egg-info/SOURCES.txt'
[7.198s] running build
[7.199s] running build_py
[7.221s] running install
[7.222s] running install_lib
[7.344s] running install_data
[7.376s] running install_egg_info
[7.404s] removing '/mnt/c/Users/DELL/Desktop/ros/ros2/install/turtle_square/lib/python3.10/site-packages/turtle_square-0.0.0-py3.10.egg-info' (and everything under it)
[7.473s] Copying ../build/turtle_square/turtle_square.egg-info to /mnt/c/Users/DELL/Desktop/ros/ros2/install/turtle_square/lib/python3.10/site-packages/turtle_square-0.0.0-py3.10.egg-info
[7.844s] running install_scripts
[8.004s] Installing turtle_square_node script to /mnt/c/Users/DELL/Desktop/ros/ros2/install/turtle_square/lib/turtle_square
[8.042s] writing list of installed files to '/mnt/c/Users/DELL/Desktop/ros/ros2/build/turtle_square/install.log'
[8.087s] Invoked command in '/mnt/c/Users/DELL/Desktop/ros/ros2/turtle_square' returned '0': PYTHONPATH=/mnt/c/Users/DELL/Desktop/ros/ros2/build/turtle_square/prefix_override:/usr/lib/python3/dist-packages/colcon_core/task/python/colcon_distutils_commands:/mnt/c/Users/DELL/Desktop/ros/ros2/install/turtle_square/lib/python3.10/site-packages:${PYTHONPATH} /usr/bin/python3 -W ignore:setup.py install is deprecated -W ignore:easy_install command is deprecated setup.py egg_info --egg-base ../build/turtle_square build --build-base /mnt/c/Users/DELL/Desktop/ros/ros2/build/turtle_square/build install --record /mnt/c/Users/DELL/Desktop/ros/ros2/build/turtle_square/install.log --single-version-externally-managed install_data
