[3.103s] Invoking command in '/mnt/c/Users/DELL/Desktop/ros/ros2/turtle_square': PYTHONPATH=/mnt/c/Users/DELL/Desktop/ros/ros2/build/turtle_square/prefix_override:/usr/lib/python3/dist-packages/colcon_core/task/python/colcon_distutils_commands:/mnt/c/Users/DELL/Desktop/ros/ros2/install/turtle_square/lib/python3.10/site-packages:${PYTHONPATH} /usr/bin/python3 -W ignore:setup.py install is deprecated -W ignore:easy_install command is deprecated setup.py egg_info --egg-base ../build/turtle_square build --build-base /mnt/c/Users/DELL/Desktop/ros/ros2/build/turtle_square/build install --record /mnt/c/Users/DELL/Desktop/ros/ros2/build/turtle_square/install.log --single-version-externally-managed install_data
[4.355s] running egg_info
[4.367s] writing ../build/turtle_square/turtle_square.egg-info/PKG-INFO
[4.378s] writing dependency_links to ../build/turtle_square/turtle_square.egg-info/dependency_links.txt
[4.389s] writing entry points to ../build/turtle_square/turtle_square.egg-info/entry_points.txt
[4.397s] writing requirements to ../build/turtle_square/turtle_square.egg-info/requires.txt
[4.402s] writing top-level names to ../build/turtle_square/turtle_square.egg-info/top_level.txt
[4.462s] reading manifest file '../build/turtle_square/turtle_square.egg-info/SOURCES.txt'
[4.557s] writing manifest file '../build/turtle_square/turtle_square.egg-info/SOURCES.txt'
[4.559s] running build
[4.560s] running build_py
[4.580s] running install
[4.581s] running install_lib
[4.716s] running install_data
[4.756s] running install_egg_info
[4.787s] removing '/mnt/c/Users/DELL/Desktop/ros/ros2/install/turtle_square/lib/python3.10/site-packages/turtle_square-0.0.0-py3.10.egg-info' (and everything under it)
[4.871s] Copying ../build/turtle_square/turtle_square.egg-info to /mnt/c/Users/DELL/Desktop/ros/ros2/install/turtle_square/lib/python3.10/site-packages/turtle_square-0.0.0-py3.10.egg-info
[5.182s] running install_scripts
[5.319s] Installing turtle_square_node script to /mnt/c/Users/DELL/Desktop/ros/ros2/install/turtle_square/lib/turtle_square
[5.344s] writing list of installed files to '/mnt/c/Users/DELL/Desktop/ros/ros2/build/turtle_square/install.log'
[5.394s] Invoked command in '/mnt/c/Users/DELL/Desktop/ros/ros2/turtle_square' returned '0': PYTHONPATH=/mnt/c/Users/DELL/Desktop/ros/ros2/build/turtle_square/prefix_override:/usr/lib/python3/dist-packages/colcon_core/task/python/colcon_distutils_commands:/mnt/c/Users/DELL/Desktop/ros/ros2/install/turtle_square/lib/python3.10/site-packages:${PYTHONPATH} /usr/bin/python3 -W ignore:setup.py install is deprecated -W ignore:easy_install command is deprecated setup.py egg_info --egg-base ../build/turtle_square build --build-base /mnt/c/Users/DELL/Desktop/ros/ros2/build/turtle_square/build install --record /mnt/c/Users/DELL/Desktop/ros/ros2/build/turtle_square/install.log --single-version-externally-managed install_data
