[-39.289s] DEBUG:colcon:Command line arguments: ['/usr/bin/colcon', 'build']
[-39.288s] DEBUG:colcon:Parsed command line arguments: Namespace(log_base=None, log_level=None, verb_name='build', build_base='build', install_base='install', merge_install=False, symlink_install=False, test_result_base=None, continue_on_error=False, executor='parallel', parallel_workers=8, event_handlers=None, ignore_user_meta=False, metas=['./colcon.meta'], base_paths=['.'], packages_ignore=None, packages_ignore_regex=None, paths=None, packages_up_to=None, packages_up_to_regex=None, packages_above=None, packages_above_and_dependencies=None, packages_above_depth=None, packages_select_by_dep=None, packages_skip_by_dep=None, packages_skip_up_to=None, packages_select_build_failed=False, packages_skip_build_finished=False, packages_select_test_failures=False, packages_skip_test_passed=False, packages_select=None, packages_skip=None, packages_select_regex=None, packages_skip_regex=None, packages_start=None, packages_end=None, allow_overriding=[], cmake_args=None, cmake_target=None, cmake_target_skip_unavailable=False, cmake_clean_cache=False, cmake_clean_first=False, cmake_force_configure=False, ament_cmake_args=None, catkin_cmake_args=None, catkin_skip_building_tests=False, mixin_files=None, mixin=None, verb_parser=<colcon_mixin.mixin.mixin_argument.MixinArgumentDecorator object at 0x79545ee8ca30>, verb_extension=<colcon_core.verb.build.BuildVerb object at 0x79545ee8c430>, main=<bound method BuildVerb.main of <colcon_core.verb.build.BuildVerb object at 0x79545ee8c430>>, mixin_verb=('build',))
[-38.850s] Level 1:colcon.colcon_core.package_discovery:discover_packages(colcon_meta) check parameters
[-38.850s] Level 1:colcon.colcon_core.package_discovery:discover_packages(recursive) check parameters
[-38.849s] Level 1:colcon.colcon_core.package_discovery:discover_packages(ignore) check parameters
[-38.849s] Level 1:colcon.colcon_core.package_discovery:discover_packages(path) check parameters
[-38.849s] Level 1:colcon.colcon_core.package_discovery:discover_packages(colcon_meta) discover
[-38.848s] Level 1:colcon.colcon_core.package_discovery:discover_packages(recursive) discover
[-38.848s] INFO:colcon.colcon_core.package_discovery:Crawling recursively for packages in '/mnt/c/Users/DELL/Desktop/ros/ros2/turtle_Square'
[-38.846s] Level 1:colcon.colcon_core.package_identification:_identify(.) by extensions ['ignore', 'ignore_ament_install']
[-38.846s] Level 1:colcon.colcon_core.package_identification:_identify(.) by extension 'ignore'
[-38.846s] Level 1:colcon.colcon_core.package_identification:_identify(.) by extension 'ignore_ament_install'
[-38.845s] Level 1:colcon.colcon_core.package_identification:_identify(.) by extensions ['colcon_pkg']
[-38.845s] Level 1:colcon.colcon_core.package_identification:_identify(.) by extension 'colcon_pkg'
[-38.844s] Level 1:colcon.colcon_core.package_identification:_identify(.) by extensions ['colcon_meta']
[-38.844s] Level 1:colcon.colcon_core.package_identification:_identify(.) by extension 'colcon_meta'
[-38.844s] Level 1:colcon.colcon_core.package_identification:_identify(.) by extensions ['ros']
[-38.844s] Level 1:colcon.colcon_core.package_identification:_identify(.) by extension 'ros'
[-38.808s] DEBUG:colcon.colcon_core.package_identification:Package '.' with type 'ros.ament_python' and name 'turtle_square'
[-38.807s] Level 1:colcon.colcon_core.package_discovery:discover_packages(recursive) using defaults
[-38.807s] Level 1:colcon.colcon_core.package_discovery:discover_packages(ignore) discover
[-38.807s] Level 1:colcon.colcon_core.package_discovery:discover_packages(ignore) using defaults
[-38.806s] Level 1:colcon.colcon_core.package_discovery:discover_packages(path) discover
[-38.806s] Level 1:colcon.colcon_core.package_discovery:discover_packages(path) using defaults
[-38.725s] Level 1:colcon.colcon_core.package_discovery:discover_packages(prefix_path) check parameters
[-38.724s] Level 1:colcon.colcon_core.package_discovery:discover_packages(prefix_path) discover
[-38.670s] DEBUG:colcon.colcon_installed_package_information.package_discovery:Found 1 installed packages in /mnt/c/Users/DELL/Desktop/ros/ros2/turtle_Square/install
[-38.662s] DEBUG:colcon.colcon_installed_package_information.package_discovery:Found 346 installed packages in /home/aaryanhood/ros2_humble/install
[-38.660s] Level 1:colcon.colcon_core.package_discovery:discover_packages(prefix_path) using defaults
[-38.592s] Level 5:colcon.colcon_core.verb:set package 'turtle_square' build argument 'cmake_args' from command line to 'None'
[-38.591s] Level 5:colcon.colcon_core.verb:set package 'turtle_square' build argument 'cmake_target' from command line to 'None'
[-38.591s] Level 5:colcon.colcon_core.verb:set package 'turtle_square' build argument 'cmake_target_skip_unavailable' from command line to 'False'
[-38.591s] Level 5:colcon.colcon_core.verb:set package 'turtle_square' build argument 'cmake_clean_cache' from command line to 'False'
[-38.590s] Level 5:colcon.colcon_core.verb:set package 'turtle_square' build argument 'cmake_clean_first' from command line to 'False'
[-38.590s] Level 5:colcon.colcon_core.verb:set package 'turtle_square' build argument 'cmake_force_configure' from command line to 'False'
[-38.590s] Level 5:colcon.colcon_core.verb:set package 'turtle_square' build argument 'ament_cmake_args' from command line to 'None'
[-38.589s] Level 5:colcon.colcon_core.verb:set package 'turtle_square' build argument 'catkin_cmake_args' from command line to 'None'
[-38.589s] Level 5:colcon.colcon_core.verb:set package 'turtle_square' build argument 'catkin_skip_building_tests' from command line to 'False'
[-38.589s] DEBUG:colcon.colcon_core.verb:Building package 'turtle_square' with the following arguments: {'ament_cmake_args': None, 'build_base': '/mnt/c/Users/DELL/Desktop/ros/ros2/turtle_Square/build/turtle_square', 'catkin_cmake_args': None, 'catkin_skip_building_tests': False, 'cmake_args': None, 'cmake_clean_cache': False, 'cmake_clean_first': False, 'cmake_force_configure': False, 'cmake_target': None, 'cmake_target_skip_unavailable': False, 'install_base': '/mnt/c/Users/DELL/Desktop/ros/ros2/turtle_Square/install/turtle_square', 'merge_install': False, 'path': '/mnt/c/Users/DELL/Desktop/ros/ros2/turtle_Square', 'symlink_install': False, 'test_result_base': None}
[-38.588s] INFO:colcon.colcon_core.executor:Executing jobs using 'parallel' executor
[-38.586s] DEBUG:colcon.colcon_parallel_executor.executor.parallel:run_until_complete
[-38.585s] INFO:colcon.colcon_ros.task.ament_python.build:Building ROS package in '/mnt/c/Users/DELL/Desktop/ros/ros2/turtle_Square' with build type 'ament_python'
[-38.585s] Level 1:colcon.colcon_core.shell:create_environment_hook('turtle_square', 'ament_prefix_path')
[-38.569s] INFO:colcon.colcon_core.plugin_system:Skipping extension 'colcon_core.shell.bat': Not used on non-Windows systems
[-38.566s] INFO:colcon.colcon_core.shell:Creating environment hook '/mnt/c/Users/DELL/Desktop/ros/ros2/turtle_Square/install/turtle_square/share/turtle_square/hook/ament_prefix_path.ps1'
[-38.542s] INFO:colcon.colcon_core.shell:Creating environment descriptor '/mnt/c/Users/DELL/Desktop/ros/ros2/turtle_Square/install/turtle_square/share/turtle_square/hook/ament_prefix_path.dsv'
[-38.519s] INFO:colcon.colcon_core.shell:Creating environment hook '/mnt/c/Users/DELL/Desktop/ros/ros2/turtle_Square/install/turtle_square/share/turtle_square/hook/ament_prefix_path.sh'
[-38.499s] INFO:colcon.colcon_core.shell:Skip shell extension 'powershell' for command environment: Not usable outside of PowerShell
[-38.499s] DEBUG:colcon.colcon_core.shell:Skip shell extension 'dsv' for command environment
[-37.039s] INFO:colcon.colcon_core.task.python.build:Building Python package in '/mnt/c/Users/DELL/Desktop/ros/ros2/turtle_Square'
[-37.037s] INFO:colcon.colcon_core.shell:Skip shell extension 'powershell' for command environment: Not usable outside of PowerShell
[-37.037s] DEBUG:colcon.colcon_core.shell:Skip shell extension 'dsv' for command environment
[-34.555s] DEBUG:colcon.colcon_core.event_handler.log_command:Invoking command in '/mnt/c/Users/DELL/Desktop/ros/ros2/turtle_Square': PYTHONPATH=/mnt/c/Users/DELL/Desktop/ros/ros2/turtle_Square/build/turtle_square/prefix_override:/usr/lib/python3/dist-packages/colcon_core/task/python/colcon_distutils_commands:/mnt/c/Users/DELL/Desktop/ros/ros2/turtle_Square/install/turtle_square/lib/python3.10/site-packages:${PYTHONPATH} /usr/bin/python3 -W ignore:setup.py install is deprecated -W ignore:easy_install command is deprecated setup.py egg_info --egg-base build/turtle_square build --build-base /mnt/c/Users/DELL/Desktop/ros/ros2/turtle_Square/build/turtle_square/build install --record /mnt/c/Users/DELL/Desktop/ros/ros2/turtle_Square/build/turtle_square/install.log --single-version-externally-managed install_data
[-31.564s] DEBUG:colcon.colcon_core.event_handler.log_command:Invoked command in '/mnt/c/Users/DELL/Desktop/ros/ros2/turtle_Square' returned '0': PYTHONPATH=/mnt/c/Users/DELL/Desktop/ros/ros2/turtle_Square/build/turtle_square/prefix_override:/usr/lib/python3/dist-packages/colcon_core/task/python/colcon_distutils_commands:/mnt/c/Users/DELL/Desktop/ros/ros2/turtle_Square/install/turtle_square/lib/python3.10/site-packages:${PYTHONPATH} /usr/bin/python3 -W ignore:setup.py install is deprecated -W ignore:easy_install command is deprecated setup.py egg_info --egg-base build/turtle_square build --build-base /mnt/c/Users/DELL/Desktop/ros/ros2/turtle_Square/build/turtle_square/build install --record /mnt/c/Users/DELL/Desktop/ros/ros2/turtle_Square/build/turtle_square/install.log --single-version-externally-managed install_data
[-31.544s] Level 1:colcon.colcon_core.environment:checking '/mnt/c/Users/DELL/Desktop/ros/ros2/turtle_Square/install/turtle_square' for CMake module files
[-31.453s] Level 1:colcon.colcon_core.environment:checking '/mnt/c/Users/DELL/Desktop/ros/ros2/turtle_Square/install/turtle_square' for CMake config files
[-31.338s] Level 1:colcon.colcon_core.environment:checking '/mnt/c/Users/DELL/Desktop/ros/ros2/turtle_Square/install/turtle_square/lib'
[-31.332s] Level 1:colcon.colcon_core.environment:checking '/mnt/c/Users/DELL/Desktop/ros/ros2/turtle_Square/install/turtle_square/bin'
[-31.330s] Level 1:colcon.colcon_core.environment:checking '/mnt/c/Users/DELL/Desktop/ros/ros2/turtle_Square/install/turtle_square/lib/pkgconfig/turtle_square.pc'
[-31.328s] Level 1:colcon.colcon_core.environment:checking '/mnt/c/Users/DELL/Desktop/ros/ros2/turtle_Square/install/turtle_square/lib/python3.10/site-packages'
[-31.325s] Level 1:colcon.colcon_core.shell:create_environment_hook('turtle_square', 'pythonpath')
[-31.325s] INFO:colcon.colcon_core.shell:Creating environment hook '/mnt/c/Users/DELL/Desktop/ros/ros2/turtle_Square/install/turtle_square/share/turtle_square/hook/pythonpath.ps1'
[-31.308s] INFO:colcon.colcon_core.shell:Creating environment descriptor '/mnt/c/Users/DELL/Desktop/ros/ros2/turtle_Square/install/turtle_square/share/turtle_square/hook/pythonpath.dsv'
[-31.290s] INFO:colcon.colcon_core.shell:Creating environment hook '/mnt/c/Users/DELL/Desktop/ros/ros2/turtle_Square/install/turtle_square/share/turtle_square/hook/pythonpath.sh'
[-31.272s] Level 1:colcon.colcon_core.environment:checking '/mnt/c/Users/DELL/Desktop/ros/ros2/turtle_Square/install/turtle_square/bin'
[-31.270s] Level 1:colcon.colcon_core.environment:create_environment_scripts_only(turtle_square)
[-31.270s] INFO:colcon.colcon_core.shell:Creating package script '/mnt/c/Users/DELL/Desktop/ros/ros2/turtle_Square/install/turtle_square/share/turtle_square/package.ps1'
[-31.255s] INFO:colcon.colcon_core.shell:Creating package descriptor '/mnt/c/Users/DELL/Desktop/ros/ros2/turtle_Square/install/turtle_square/share/turtle_square/package.dsv'
[-31.240s] INFO:colcon.colcon_core.shell:Creating package script '/mnt/c/Users/DELL/Desktop/ros/ros2/turtle_Square/install/turtle_square/share/turtle_square/package.sh'
[-31.225s] INFO:colcon.colcon_core.shell:Creating package script '/mnt/c/Users/DELL/Desktop/ros/ros2/turtle_Square/install/turtle_square/share/turtle_square/package.bash'
[-31.206s] INFO:colcon.colcon_core.shell:Creating package script '/mnt/c/Users/DELL/Desktop/ros/ros2/turtle_Square/install/turtle_square/share/turtle_square/package.zsh'
[-31.185s] Level 1:colcon.colcon_core.environment:create_file_with_runtime_dependencies(/mnt/c/Users/DELL/Desktop/ros/ros2/turtle_Square/install/turtle_square/share/colcon-core/packages/turtle_square)
[-31.166s] DEBUG:colcon.colcon_parallel_executor.executor.parallel:closing loop
[-31.165s] DEBUG:colcon.colcon_parallel_executor.executor.parallel:loop closed
[-31.165s] DEBUG:colcon.colcon_parallel_executor.executor.parallel:run_until_complete finished with '0'
[-31.164s] DEBUG:colcon.colcon_core.event_reactor:joining thread
[-31.076s] INFO:colcon.colcon_core.plugin_system:Skipping extension 'colcon_notification.desktop_notification.notify_send': Could not find 'notify-send'
[-31.075s] INFO:colcon.colcon_core.plugin_system:Skipping extension 'colcon_notification.desktop_notification.terminal_notifier': Not used on non-Darwin systems
[-31.075s] INFO:colcon.colcon_core.plugin_system:Skipping extension 'colcon_notification.desktop_notification.win32': Not used on non-Windows systems
[-31.075s] INFO:colcon.colcon_notification.desktop_notification:Sending desktop notification using 'notify2'
[-31.072s] DEBUG:colcon.colcon_notification.desktop_notification.notify2:Failed to initialize notify2: org.freedesktop.DBus.Error.ServiceUnknown: The name org.freedesktop.Notifications was not provided by any .service files
[-31.072s] DEBUG:colcon.colcon_core.event_reactor:joined thread
[-31.071s] INFO:colcon.colcon_core.shell:Creating prefix script '/mnt/c/Users/DELL/Desktop/ros/ros2/turtle_Square/install/local_setup.ps1'
[-31.060s] INFO:colcon.colcon_core.shell:Creating prefix util module '/mnt/c/Users/DELL/Desktop/ros/ros2/turtle_Square/install/_local_setup_util_ps1.py'
[-31.044s] INFO:colcon.colcon_core.shell:Creating prefix chain script '/mnt/c/Users/DELL/Desktop/ros/ros2/turtle_Square/install/setup.ps1'
[-30.997s] INFO:colcon.colcon_core.shell:Creating prefix script '/mnt/c/Users/DELL/Desktop/ros/ros2/turtle_Square/install/local_setup.sh'
[-30.986s] INFO:colcon.colcon_core.shell:Creating prefix util module '/mnt/c/Users/DELL/Desktop/ros/ros2/turtle_Square/install/_local_setup_util_sh.py'
[-30.977s] INFO:colcon.colcon_core.shell:Creating prefix chain script '/mnt/c/Users/DELL/Desktop/ros/ros2/turtle_Square/install/setup.sh'
[-30.945s] INFO:colcon.colcon_core.shell:Creating prefix script '/mnt/c/Users/DELL/Desktop/ros/ros2/turtle_Square/install/local_setup.bash'
[-30.931s] INFO:colcon.colcon_core.shell:Creating prefix chain script '/mnt/c/Users/DELL/Desktop/ros/ros2/turtle_Square/install/setup.bash'
[-30.893s] INFO:colcon.colcon_core.shell:Creating prefix script '/mnt/c/Users/DELL/Desktop/ros/ros2/turtle_Square/install/local_setup.zsh'
[-30.881s] INFO:colcon.colcon_core.shell:Creating prefix chain script '/mnt/c/Users/DELL/Desktop/ros/ros2/turtle_Square/install/setup.zsh'
